<?xml version="1.0" encoding="UTF-8"?>
<!-- Generated by org.testng.reporters.JUnitReportReporter -->
<testsuite skipped="0" hostname="LNGCPTL0000012" name="tests.PlayWakeUpFromWakeUpAlbum" tests="1" failures="0" timestamp="13 Jan 2020 08:57:02 GMT" time="13.929" errors="0">
  <testcase name="playWakeUpSong" time="13.929" classname="tests.PlayWakeUpFromWakeUpAlbum"/>
</testsuite> <!-- tests.PlayWakeUpFromWakeUpAlbum -->
